2022-05-15 00:03:55.098 [Thread-6] INFO  p.logging.MyController - [559cbf9d-6358-4f5d-a67c-99b8c8ad2907] - Controller Save
2022-05-15 00:03:55.099 [Thread-1] INFO  p.logging.MyController - [86796c1d-ab7e-416b-b5f8-59e1d3d627b6] - Controller Save
2022-05-15 00:03:55.130 [Thread-6] INFO  programmerzamannow.logging.MyService - [559cbf9d-6358-4f5d-a67c-99b8c8ad2907] - Service Save
2022-05-15 00:03:55.132 [Thread-1] INFO  programmerzamannow.logging.MyService - [86796c1d-ab7e-416b-b5f8-59e1d3d627b6] - Service Save
2022-05-15 00:03:55.133 [Thread-1] INFO  p.logging.MyRepository - [86796c1d-ab7e-416b-b5f8-59e1d3d627b6] - Repository Save
2022-05-15 00:03:55.133 [Thread-6] INFO  p.logging.MyRepository - [559cbf9d-6358-4f5d-a67c-99b8c8ad2907] - Repository Save
2022-05-15 00:03:55.099 [Thread-0] INFO  p.logging.MyController - [45b55134-021f-41fc-a343-025bccbca3c4] - Controller Save
2022-05-15 00:03:55.099 [Thread-3] INFO  p.logging.MyController - [31c84c67-a364-482d-a2cd-0f5439c28c44] - Controller Save
2022-05-15 00:03:55.135 [Thread-0] INFO  programmerzamannow.logging.MyService - [45b55134-021f-41fc-a343-025bccbca3c4] - Service Save
2022-05-15 00:03:55.136 [Thread-0] INFO  p.logging.MyRepository - [45b55134-021f-41fc-a343-025bccbca3c4] - Repository Save
2022-05-15 00:03:55.099 [Thread-5] INFO  p.logging.MyController - [37f75d7a-9ef4-4534-adfd-6e72ba1ce725] - Controller Save
2022-05-15 00:03:55.136 [Thread-3] INFO  programmerzamannow.logging.MyService - [31c84c67-a364-482d-a2cd-0f5439c28c44] - Service Save
2022-05-15 00:03:55.099 [Thread-7] INFO  p.logging.MyController - [a155e265-b252-4515-9c24-a230dc0b4b2e] - Controller Save
2022-05-15 00:03:55.140 [Thread-7] INFO  programmerzamannow.logging.MyService - [a155e265-b252-4515-9c24-a230dc0b4b2e] - Service Save
2022-05-15 00:03:55.098 [Thread-9] INFO  p.logging.MyController - [bc687ed7-8039-44a2-b4a3-2082f64a47bf] - Controller Save
2022-05-15 00:03:55.141 [Thread-7] INFO  p.logging.MyRepository - [a155e265-b252-4515-9c24-a230dc0b4b2e] - Repository Save
2022-05-15 00:03:55.098 [Thread-8] INFO  p.logging.MyController - [14a9b348-dcb0-4229-b2ad-ca78d7045d5f] - Controller Save
2022-05-15 00:03:55.139 [Thread-5] INFO  programmerzamannow.logging.MyService - [37f75d7a-9ef4-4534-adfd-6e72ba1ce725] - Service Save
2022-05-15 00:03:55.140 [Thread-3] INFO  p.logging.MyRepository - [31c84c67-a364-482d-a2cd-0f5439c28c44] - Repository Save
2022-05-15 00:03:55.143 [Thread-8] INFO  programmerzamannow.logging.MyService - [14a9b348-dcb0-4229-b2ad-ca78d7045d5f] - Service Save
2022-05-15 00:03:55.143 [Thread-8] INFO  p.logging.MyRepository - [14a9b348-dcb0-4229-b2ad-ca78d7045d5f] - Repository Save
2022-05-15 00:03:55.141 [Thread-9] INFO  programmerzamannow.logging.MyService - [bc687ed7-8039-44a2-b4a3-2082f64a47bf] - Service Save
2022-05-15 00:03:55.098 [Thread-4] INFO  p.logging.MyController - [718c2420-c8c1-4a07-b886-778248b1893e] - Controller Save
2022-05-15 00:03:55.099 [Thread-2] INFO  p.logging.MyController - [bb9ea1a3-5e22-43e5-b44e-a28506259e08] - Controller Save
2022-05-15 00:03:55.144 [Thread-9] INFO  p.logging.MyRepository - [bc687ed7-8039-44a2-b4a3-2082f64a47bf] - Repository Save
2022-05-15 00:03:55.143 [Thread-5] INFO  p.logging.MyRepository - [37f75d7a-9ef4-4534-adfd-6e72ba1ce725] - Repository Save
2022-05-15 00:03:55.145 [Thread-2] INFO  programmerzamannow.logging.MyService - [bb9ea1a3-5e22-43e5-b44e-a28506259e08] - Service Save
2022-05-15 00:03:55.147 [Thread-2] INFO  p.logging.MyRepository - [bb9ea1a3-5e22-43e5-b44e-a28506259e08] - Repository Save
2022-05-15 00:03:55.145 [Thread-4] INFO  programmerzamannow.logging.MyService - [718c2420-c8c1-4a07-b886-778248b1893e] - Service Save
2022-05-15 00:03:55.148 [Thread-4] INFO  p.logging.MyRepository - [718c2420-c8c1-4a07-b886-778248b1893e] - Repository Save
